Base path: C:/Program Files/Unity/Editor/Data
Pipe name: \\.\pipe\UnityShaderCompiler-64bit-8-3040
Cmd: getPlatforms
Cmd: compileSnippet
  api=9 type=0 insize=982 outsize=9723 kw=DIRECTIONAL SHADOWS_SCREEN SHADOWS_NATIVE LIGHTMAP_OFF DIRLIGHTMAP_OFF DYNAMICLIGHTMAP_OFF VERTEXLIGHT_ON _ALPHATEST_ON _EMISSION ok=1
Cmd: compileSnippet
  api=9 type=0 insize=1152 outsize=6842 kw=LIGHTMAP_OFF DIRLIGHTMAP_OFF DYNAMICLIGHTMAP_OFF UNITY_HDR_ON _ALPHATEST_ON _EMISSION ok=1
Cmd: compileSnippet
  api=9 type=0 insize=886 outsize=8094 kw=DIRECTIONAL SHADOWS_OFF LIGHTMAP_OFF DIRLIGHTMAP_OFF DYNAMICLIGHTMAP_OFF VERTEXLIGHT_ON _EMISSION ok=1
Cmd: compileSnippet
  api=9 type=0 insize=886 outsize=6930 kw=DIRECTIONAL SHADOWS_OFF LIGHTMAP_OFF DIRLIGHTMAP_OFF DYNAMICLIGHTMAP_OFF _ALPHATEST_ON _EMISSION ok=1
Cmd: compileSnippet
  api=5 type=0 insize=886 outsize=7713 kw=DIRECTIONAL SHADOWS_SCREEN SHADOWS_NATIVE LIGHTMAP_OFF DIRLIGHTMAP_OFF DYNAMICLIGHTMAP_OFF _ALPHATEST_ON _EMISSION ok=1
Cmd: compileSnippet
  api=9 type=1 insize=886 outsize=7 kw=DIRECTIONAL SHADOWS_SCREEN SHADOWS_NATIVE LIGHTMAP_OFF DIRLIGHTMAP_OFF DYNAMICLIGHTMAP_OFF _EMISSION ok=1
Cmd: compileSnippet
  error: 2 plat 9 at (0): Can't find include file frag_ao.cginc\nCompiling Vertex program
  error: 2 plat 9 at (41): '' : Include callback failed\nCompiling Vertex program
  api=9 type=0 insize=1952 outsize=0 kw= ok=0
Cmd: compileSnippet
  error: 2 plat 9 at (0): Can't find include file frag_ao.cginc\nCompiling Vertex program
  error: 2 plat 9 at (41): '' : Include callback failed\nCompiling Vertex program
  api=9 type=0 insize=2722 outsize=0 kw= ok=0
Cmd: compileSnippet
  error: 2 plat 9 at (0): Can't find include file frag_ao.cginc\nCompiling Vertex program
  error: 2 plat 9 at (41): '' : Include callback failed\nCompiling Vertex program
  api=9 type=0 insize=1938 outsize=0 kw= ok=0
Cmd: compileSnippet
  api=9 type=0 insize=5410 outsize=2392 kw= ok=1
Cmd: compileSnippet
  api=9 type=0 insize=5415 outsize=2456 kw= ok=1
Cmd: compileSnippet
  api=9 type=1 insize=2189 outsize=7 kw= ok=1
Cmd: compileSnippet
  api=9 type=1 insize=2192 outsize=7 kw= ok=1
Cmd: compileSnippet
  api=9 type=1 insize=10185 outsize=7 kw= ok=1
Cmd: compileSnippet
  api=9 type=0 insize=10165 outsize=428 kw= ok=1
Cmd: compileSnippet
  api=9 type=0 insize=10191 outsize=3836 kw= ok=1
Cmd: compileSnippet
  api=9 type=0 insize=10191 outsize=3836 kw= ok=1
Cmd: compileSnippet
  api=9 type=0 insize=4899 outsize=1883 kw= ok=1
Cmd: compileSnippet
  api=9 type=0 insize=4912 outsize=887 kw= ok=1
Unhandled exception: Readfile from pipe failed. GLE=Le canal de communication a été fermé.


Quitting shader compiler process

Crashed!
